[2512月2025 00:02:52.569] [Server thread/INFO] [net.minecraft.client.server.IntegratedServer/]: Saving and pausing game...
[2512月2025 00:02:52.591] [Server thread/INFO] [net.minecraft.server.MinecraftServer/]: Saving chunks for level 'ServerLevel[新的世界]'/minecraft:overworld
[2512月2025 00:02:52.595] [Server thread/INFO] [net.minecraft.server.MinecraftServer/]: Saving chunks for level 'ServerLevel[新的世界]'/minecraft:the_end
[2512月2025 00:02:52.595] [Server thread/INFO] [net.minecraft.server.MinecraftServer/]: Saving chunks for level 'ServerLevel[新的世界]'/minecraft:the_nether
[2512月2025 00:02:57.764] [Render thread/INFO] [net.minecraft.server.packs.resources.ReloadableResourceManager/]: Reloading ResourceManager: vanilla, mod_resources, mod/patchouli, mod/neoforge, mod/tfc, mod/tfc_trihydrate, mod/jei
[2512月2025 00:02:57.767] [Worker-Main-4/INFO] [net.minecraft.client.gui.font.providers.UnihexProvider/]: Found unifont_all_no_pua-15.1.05.hex, loading
[2512月2025 00:02:57.790] [Worker-Main-8/INFO] [net.minecraft.client.gui.font.providers.UnihexProvider/]: Found unifont_jp_patch-15.1.05.hex, loading
[2512月2025 00:02:59.178] [Worker-Main-11/WARN] [net.minecraft.client.resources.model.ModelBakery/]: Unable to load model: 'minecraft:item' referenced from: tfc_trihydrate:item/ltk_tool: java.io.FileNotFoundException: minecraft:models/item.json
[2512月2025 00:03:01.088] [Render thread/INFO] [com.mojang.blaze3d.audio.Library/]: OpenAL initialized on device OpenAL Soft on 耳机 (EDIFIER W830NB)
[2512月2025 00:03:01.088] [Render thread/INFO] [net.minecraft.client.sounds.SoundEngine/SOUNDS]: Sound engine started
[2512月2025 00:03:01.179] [Render thread/INFO] [net.minecraft.client.renderer.texture.TextureAtlas/]: Created: 2048x1024x4 minecraft:textures/atlas/blocks.png-atlas
[2512月2025 00:03:01.526] [Render thread/INFO] [net.minecraft.client.renderer.texture.TextureAtlas/]: Created: 1024x512x4 minecraft:textures/atlas/signs.png-atlas
[2512月2025 00:03:01.537] [Render thread/INFO] [net.minecraft.client.renderer.texture.TextureAtlas/]: Created: 512x512x4 minecraft:textures/atlas/shield_patterns.png-atlas
[2512月2025 00:03:01.539] [Render thread/INFO] [net.minecraft.client.renderer.texture.TextureAtlas/]: Created: 512x512x4 minecraft:textures/atlas/banner_patterns.png-atlas
[2512月2025 00:03:01.543] [Render thread/INFO] [net.minecraft.client.renderer.texture.TextureAtlas/]: Created: 2048x1024x4 minecraft:textures/atlas/armor_trims.png-atlas
[2512月2025 00:03:01.591] [Render thread/INFO] [net.minecraft.client.renderer.texture.TextureAtlas/]: Created: 1024x1024x4 minecraft:textures/atlas/chest.png-atlas
[2512月2025 00:03:01.601] [Render thread/INFO] [net.minecraft.client.renderer.texture.TextureAtlas/]: Created: 128x64x4 minecraft:textures/atlas/decorated_pot.png-atlas
[2512月2025 00:03:01.601] [Render thread/INFO] [net.minecraft.client.renderer.texture.TextureAtlas/]: Created: 512x256x4 minecraft:textures/atlas/beds.png-atlas
[2512月2025 00:03:01.603] [Render thread/INFO] [net.minecraft.client.renderer.texture.TextureAtlas/]: Created: 512x256x4 minecraft:textures/atlas/shulker_boxes.png-atlas
[2512月2025 00:03:01.618] [Render thread/INFO] [net.minecraft.client.renderer.texture.TextureAtlas/]: Created: 512x256x0 minecraft:textures/atlas/particles.png-atlas
[2512月2025 00:03:01.623] [Render thread/INFO] [net.minecraft.client.renderer.texture.TextureAtlas/]: Created: 512x256x0 minecraft:textures/atlas/paintings.png-atlas
[2512月2025 00:03:01.624] [Render thread/INFO] [net.minecraft.client.renderer.texture.TextureAtlas/]: Created: 256x128x0 minecraft:textures/atlas/mob_effects.png-atlas
[2512月2025 00:03:01.624] [Render thread/INFO] [net.minecraft.client.renderer.texture.TextureAtlas/]: Created: 64x64x0 minecraft:textures/atlas/map_decorations.png-atlas
[2512月2025 00:03:01.624] [Render thread/INFO] [net.minecraft.client.renderer.texture.TextureAtlas/]: Created: 1024x512x0 minecraft:textures/atlas/gui.png-atlas
[2512月2025 00:03:01.637] [Render thread/WARN] [net.minecraft.client.renderer.ShaderInstance/]: Shader rendertype_entity_translucent_emissive could not find sampler named Sampler2 in the specified shader program.
[2512月2025 00:03:01.649] [Render thread/INFO] [patchouli/]: BookContentResourceListenerLoader preloaded 751 jsons
[2512月2025 00:03:01.649] [Render thread/INFO] [patchouli/]: Reloading resource pack-based books
[2512月2025 00:03:01.650] [Render thread/INFO] [patchouli/]: BookContentResourceListenerLoader: Files found in 745.2 μs
[2512月2025 00:03:01.651] [Render thread/INFO] [patchouli/]: BookContentResourceListenerLoader: Files found in 935.2 μs
[2512月2025 00:03:01.656] [Render thread/INFO] [patchouli/]: BookContentResourceListenerLoader: Files found in 782.9 μs
[2512月2025 00:03:01.670] [Render thread/INFO] [net.neoforged.neoforge.client.entity.animation.json.AnimationLoader/]: Loaded 0 entity animations
[2512月2025 00:03:01.674] [Render thread/INFO] [net.minecraft.client.renderer.texture.TextureAtlas/]: Created: 256x256x0 jei:textures/atlas/gui.png-atlas
[2512月2025 00:03:01.675] [Render thread/INFO] [mezz.jei.core.util.LoggedTimer/]: Rebuilding ingredient filter...
[2512月2025 00:03:01.828] [Render thread/INFO] [mezz.jei.core.util.LoggedTimer/]: Rebuilding ingredient filter took 153.3 milliseconds
[2512月2025 00:03:49.269] [Server thread/INFO] [net.minecraft.client.server.IntegratedServer/]: Saving and pausing game...
[2512月2025 00:03:49.279] [Server thread/INFO] [net.minecraft.server.MinecraftServer/]: Saving chunks for level 'ServerLevel[新的世界]'/minecraft:overworld
[2512月2025 00:03:49.282] [Server thread/INFO] [net.minecraft.server.MinecraftServer/]: Saving chunks for level 'ServerLevel[新的世界]'/minecraft:the_end
[2512月2025 00:03:49.283] [Server thread/INFO] [net.minecraft.server.MinecraftServer/]: Saving chunks for level 'ServerLevel[新的世界]'/minecraft:the_nether
[2512月2025 00:03:55.219] [Render thread/INFO] [net.minecraft.server.packs.resources.ReloadableResourceManager/]: Reloading ResourceManager: mod_resources, mod/patchouli, mod/neoforge, mod/tfc, mod/tfc_trihydrate, mod/jei, vanilla
[2512月2025 00:03:55.222] [Worker-Main-4/INFO] [net.minecraft.client.gui.font.providers.UnihexProvider/]: Found unifont_all_no_pua-15.1.05.hex, loading
[2512月2025 00:03:55.244] [Worker-Main-11/INFO] [net.minecraft.client.gui.font.providers.UnihexProvider/]: Found unifont_jp_patch-15.1.05.hex, loading
[2512月2025 00:03:56.642] [Worker-Main-8/WARN] [net.minecraft.client.resources.model.ModelBakery/]: Unable to load model: 'minecraft:item' referenced from: tfc_trihydrate:item/ltk_tool: java.io.FileNotFoundException: minecraft:models/item.json
[2512月2025 00:03:58.608] [Render thread/INFO] [com.mojang.blaze3d.audio.Library/]: OpenAL initialized on device OpenAL Soft on 耳机 (EDIFIER W830NB)
[2512月2025 00:03:58.608] [Render thread/INFO] [net.minecraft.client.sounds.SoundEngine/SOUNDS]: Sound engine started
[2512月2025 00:03:58.690] [Render thread/INFO] [net.minecraft.client.renderer.texture.TextureAtlas/]: Created: 2048x1024x4 minecraft:textures/atlas/blocks.png-atlas
[2512月2025 00:03:58.982] [Render thread/INFO] [net.minecraft.client.renderer.texture.TextureAtlas/]: Created: 1024x512x4 minecraft:textures/atlas/signs.png-atlas
[2512月2025 00:03:59.000] [Render thread/INFO] [net.minecraft.client.renderer.texture.TextureAtlas/]: Created: 512x512x4 minecraft:textures/atlas/shield_patterns.png-atlas
[2512月2025 00:03:59.003] [Render thread/INFO] [net.minecraft.client.renderer.texture.TextureAtlas/]: Created: 512x512x4 minecraft:textures/atlas/banner_patterns.png-atlas
[2512月2025 00:03:59.006] [Render thread/INFO] [net.minecraft.client.renderer.texture.TextureAtlas/]: Created: 2048x1024x4 minecraft:textures/atlas/armor_trims.png-atlas
[2512月2025 00:03:59.061] [Render thread/INFO] [net.minecraft.client.renderer.texture.TextureAtlas/]: Created: 1024x1024x4 minecraft:textures/atlas/chest.png-atlas
[2512月2025 00:03:59.071] [Render thread/INFO] [net.minecraft.client.renderer.texture.TextureAtlas/]: Created: 128x64x4 minecraft:textures/atlas/decorated_pot.png-atlas
[2512月2025 00:03:59.073] [Render thread/INFO] [net.minecraft.client.renderer.texture.TextureAtlas/]: Created: 512x256x4 minecraft:textures/atlas/beds.png-atlas
[2512月2025 00:03:59.074] [Render thread/INFO] [net.minecraft.client.renderer.texture.TextureAtlas/]: Created: 512x256x4 minecraft:textures/atlas/shulker_boxes.png-atlas
[2512月2025 00:03:59.095] [Render thread/INFO] [net.minecraft.client.renderer.texture.TextureAtlas/]: Created: 512x256x0 minecraft:textures/atlas/particles.png-atlas
[2512月2025 00:03:59.100] [Render thread/INFO] [net.minecraft.client.renderer.texture.TextureAtlas/]: Created: 512x256x0 minecraft:textures/atlas/paintings.png-atlas
[2512月2025 00:03:59.101] [Render thread/INFO] [net.minecraft.client.renderer.texture.TextureAtlas/]: Created: 256x128x0 minecraft:textures/atlas/mob_effects.png-atlas
[2512月2025 00:03:59.101] [Render thread/INFO] [net.minecraft.client.renderer.texture.TextureAtlas/]: Created: 64x64x0 minecraft:textures/atlas/map_decorations.png-atlas
[2512月2025 00:03:59.103] [Render thread/INFO] [net.minecraft.client.renderer.texture.TextureAtlas/]: Created: 1024x512x0 minecraft:textures/atlas/gui.png-atlas
[2512月2025 00:03:59.114] [Render thread/WARN] [net.minecraft.client.renderer.ShaderInstance/]: Shader rendertype_entity_translucent_emissive could not find sampler named Sampler2 in the specified shader program.
[2512月2025 00:03:59.129] [Render thread/INFO] [patchouli/]: BookContentResourceListenerLoader preloaded 751 jsons
[2512月2025 00:03:59.129] [Render thread/INFO] [patchouli/]: Reloading resource pack-based books
[2512月2025 00:03:59.130] [Render thread/INFO] [patchouli/]: BookContentResourceListenerLoader: Files found in 792.4 μs
[2512月2025 00:03:59.131] [Render thread/INFO] [patchouli/]: BookContentResourceListenerLoader: Files found in 774.4 μs
[2512月2025 00:03:59.134] [Render thread/INFO] [patchouli/]: BookContentResourceListenerLoader: Files found in 867.6 μs
[2512月2025 00:03:59.151] [Render thread/INFO] [net.neoforged.neoforge.client.entity.animation.json.AnimationLoader/]: Loaded 0 entity animations
[2512月2025 00:03:59.156] [Render thread/INFO] [net.minecraft.client.renderer.texture.TextureAtlas/]: Created: 256x256x0 jei:textures/atlas/gui.png-atlas
[2512月2025 00:03:59.157] [Render thread/INFO] [mezz.jei.core.util.LoggedTimer/]: Rebuilding ingredient filter...
[2512月2025 00:03:59.318] [Render thread/INFO] [mezz.jei.core.util.LoggedTimer/]: Rebuilding ingredient filter took 160.2 milliseconds
[2512月2025 00:04:27.569] [Server thread/INFO] [net.minecraft.client.server.IntegratedServer/]: Saving and pausing game...
[2512月2025 00:04:27.575] [Server thread/INFO] [net.minecraft.server.MinecraftServer/]: Saving chunks for level 'ServerLevel[新的世界]'/minecraft:overworld
[2512月2025 00:04:27.578] [Server thread/INFO] [net.minecraft.server.MinecraftServer/]: Saving chunks for level 'ServerLevel[新的世界]'/minecraft:the_end
[2512月2025 00:04:27.578] [Server thread/INFO] [net.minecraft.server.MinecraftServer/]: Saving chunks for level 'ServerLevel[新的世界]'/minecraft:the_nether
[2512月2025 00:05:01.520] [Server thread/INFO] [net.minecraft.client.server.IntegratedServer/]: Saving and pausing game...
[2512月2025 00:05:01.526] [Server thread/INFO] [net.minecraft.server.MinecraftServer/]: Saving chunks for level 'ServerLevel[新的世界]'/minecraft:overworld
[2512月2025 00:05:01.585] [Server thread/INFO] [net.minecraft.server.MinecraftServer/]: Saving chunks for level 'ServerLevel[新的世界]'/minecraft:the_end
[2512月2025 00:05:01.585] [Server thread/INFO] [net.minecraft.server.MinecraftServer/]: Saving chunks for level 'ServerLevel[新的世界]'/minecraft:the_nether
[2512月2025 00:05:05.024] [Render thread/INFO] [net.minecraft.server.packs.resources.ReloadableResourceManager/]: Reloading ResourceManager: vanilla, mod_resources, mod/patchouli, mod/neoforge, mod/tfc, mod/tfc_trihydrate, mod/jei
[2512月2025 00:05:05.027] [Worker-Main-4/INFO] [net.minecraft.client.gui.font.providers.UnihexProvider/]: Found unifont_all_no_pua-15.1.05.hex, loading
[2512月2025 00:05:05.050] [Worker-Main-19/INFO] [net.minecraft.client.gui.font.providers.UnihexProvider/]: Found unifont_jp_patch-15.1.05.hex, loading
[2512月2025 00:05:06.478] [Worker-Main-9/WARN] [net.minecraft.client.resources.model.ModelBakery/]: Unable to load model: 'minecraft:item' referenced from: tfc_trihydrate:item/ltk_tool: java.io.FileNotFoundException: minecraft:models/item.json
[2512月2025 00:05:08.230] [Render thread/INFO] [com.mojang.blaze3d.audio.Library/]: OpenAL initialized on device OpenAL Soft on 耳机 (EDIFIER W830NB)
[2512月2025 00:05:08.230] [Render thread/INFO] [net.minecraft.client.sounds.SoundEngine/SOUNDS]: Sound engine started
[2512月2025 00:05:08.313] [Render thread/INFO] [net.minecraft.client.renderer.texture.TextureAtlas/]: Created: 2048x1024x4 minecraft:textures/atlas/blocks.png-atlas
[2512月2025 00:05:08.589] [Render thread/INFO] [net.minecraft.client.renderer.texture.TextureAtlas/]: Created: 1024x512x4 minecraft:textures/atlas/signs.png-atlas
[2512月2025 00:05:08.600] [Render thread/INFO] [net.minecraft.client.renderer.texture.TextureAtlas/]: Created: 512x512x4 minecraft:textures/atlas/shield_patterns.png-atlas
[2512月2025 00:05:08.603] [Render thread/INFO] [net.minecraft.client.renderer.texture.TextureAtlas/]: Created: 512x512x4 minecraft:textures/atlas/banner_patterns.png-atlas
[2512月2025 00:05:08.604] [Render thread/INFO] [net.minecraft.client.renderer.texture.TextureAtlas/]: Created: 2048x1024x4 minecraft:textures/atlas/armor_trims.png-atlas
[2512月2025 00:05:08.648] [Render thread/INFO] [net.minecraft.client.renderer.texture.TextureAtlas/]: Created: 1024x1024x4 minecraft:textures/atlas/chest.png-atlas
[2512月2025 00:05:08.657] [Render thread/INFO] [net.minecraft.client.renderer.texture.TextureAtlas/]: Created: 128x64x4 minecraft:textures/atlas/decorated_pot.png-atlas
[2512月2025 00:05:08.658] [Render thread/INFO] [net.minecraft.client.renderer.texture.TextureAtlas/]: Created: 512x256x4 minecraft:textures/atlas/beds.png-atlas
[2512月2025 00:05:08.660] [Render thread/INFO] [net.minecraft.client.renderer.texture.TextureAtlas/]: Created: 512x256x4 minecraft:textures/atlas/shulker_boxes.png-atlas
[2512月2025 00:05:08.673] [Render thread/INFO] [net.minecraft.client.renderer.texture.TextureAtlas/]: Created: 512x256x0 minecraft:textures/atlas/particles.png-atlas
[2512月2025 00:05:08.676] [Render thread/INFO] [net.minecraft.client.renderer.texture.TextureAtlas/]: Created: 512x256x0 minecraft:textures/atlas/paintings.png-atlas
[2512月2025 00:05:08.677] [Render thread/INFO] [net.minecraft.client.renderer.texture.TextureAtlas/]: Created: 256x128x0 minecraft:textures/atlas/mob_effects.png-atlas
[2512月2025 00:05:08.678] [Render thread/INFO] [net.minecraft.client.renderer.texture.TextureAtlas/]: Created: 64x64x0 minecraft:textures/atlas/map_decorations.png-atlas
[2512月2025 00:05:08.678] [Render thread/INFO] [net.minecraft.client.renderer.texture.TextureAtlas/]: Created: 1024x512x0 minecraft:textures/atlas/gui.png-atlas
[2512月2025 00:05:08.688] [Render thread/WARN] [net.minecraft.client.renderer.ShaderInstance/]: Shader rendertype_entity_translucent_emissive could not find sampler named Sampler2 in the specified shader program.
[2512月2025 00:05:08.698] [Render thread/INFO] [patchouli/]: BookContentResourceListenerLoader preloaded 751 jsons
[2512月2025 00:05:08.698] [Render thread/INFO] [patchouli/]: Reloading resource pack-based books
[2512月2025 00:05:08.700] [Render thread/INFO] [patchouli/]: BookContentResourceListenerLoader: Files found in 694.7 μs
[2512月2025 00:05:08.701] [Render thread/INFO] [patchouli/]: BookContentResourceListenerLoader: Files found in 714.0 μs
[2512月2025 00:05:08.704] [Render thread/INFO] [patchouli/]: BookContentResourceListenerLoader: Files found in 850.8 μs
[2512月2025 00:05:08.715] [Render thread/INFO] [net.neoforged.neoforge.client.entity.animation.json.AnimationLoader/]: Loaded 0 entity animations
[2512月2025 00:05:08.719] [Render thread/INFO] [net.minecraft.client.renderer.texture.TextureAtlas/]: Created: 256x256x0 jei:textures/atlas/gui.png-atlas
[2512月2025 00:05:08.720] [Render thread/INFO] [mezz.jei.core.util.LoggedTimer/]: Rebuilding ingredient filter...
[2512月2025 00:05:08.848] [Render thread/INFO] [mezz.jei.core.util.LoggedTimer/]: Rebuilding ingredient filter took 129.0 milliseconds
[2512月2025 00:05:26.920] [Server thread/INFO] [net.minecraft.client.server.IntegratedServer/]: Saving and pausing game...
[2512月2025 00:05:26.926] [Server thread/INFO] [net.minecraft.server.MinecraftServer/]: Saving chunks for level 'ServerLevel[新的世界]'/minecraft:overworld
[2512月2025 00:05:26.928] [Server thread/INFO] [net.minecraft.server.MinecraftServer/]: Saving chunks for level 'ServerLevel[新的世界]'/minecraft:the_end
[2512月2025 00:05:26.928] [Server thread/INFO] [net.minecraft.server.MinecraftServer/]: Saving chunks for level 'ServerLevel[新的世界]'/minecraft:the_nether
[2512月2025 00:05:55.923] [Server thread/INFO] [net.minecraft.server.MinecraftServer/]: [Dev: Skipping ahead 12:01 (12020 ticks)]
[2512月2025 00:05:55.933] [Render thread/INFO] [net.minecraft.client.gui.components.ChatComponent/]: [System] [CHAT] Skipping ahead 12:01 (12020 ticks)
[2512月2025 00:06:21.020] [Server thread/INFO] [net.minecraft.client.server.IntegratedServer/]: Saving and pausing game...
[2512月2025 00:06:21.024] [Server thread/INFO] [net.minecraft.server.MinecraftServer/]: Saving chunks for level 'ServerLevel[新的世界]'/minecraft:overworld
[2512月2025 00:06:21.028] [Server thread/INFO] [net.minecraft.server.MinecraftServer/]: Saving chunks for level 'ServerLevel[新的世界]'/minecraft:the_end
[2512月2025 00:06:21.028] [Server thread/INFO] [net.minecraft.server.MinecraftServer/]: Saving chunks for level 'ServerLevel[新的世界]'/minecraft:the_nether
[2512月2025 00:06:22.966] [Render thread/INFO] [net.minecraft.server.packs.resources.ReloadableResourceManager/]: Reloading ResourceManager: mod_resources, mod/patchouli, mod/neoforge, mod/tfc, mod/tfc_trihydrate, mod/jei, vanilla
[2512月2025 00:06:22.968] [Worker-Main-5/INFO] [net.minecraft.client.gui.font.providers.UnihexProvider/]: Found unifont_all_no_pua-15.1.05.hex, loading
[2512月2025 00:06:22.988] [Worker-Main-19/INFO] [net.minecraft.client.gui.font.providers.UnihexProvider/]: Found unifont_jp_patch-15.1.05.hex, loading
[2512月2025 00:06:24.417] [Worker-Main-8/WARN] [net.minecraft.client.resources.model.ModelBakery/]: Unable to load model: 'minecraft:item' referenced from: tfc_trihydrate:item/ltk_tool: java.io.FileNotFoundException: minecraft:models/item.json
[2512月2025 00:06:26.126] [Render thread/INFO] [com.mojang.blaze3d.audio.Library/]: OpenAL initialized on device OpenAL Soft on 耳机 (EDIFIER W830NB)
[2512月2025 00:06:26.126] [Render thread/INFO] [net.minecraft.client.sounds.SoundEngine/SOUNDS]: Sound engine started
[2512月2025 00:06:26.194] [Render thread/INFO] [net.minecraft.client.renderer.texture.TextureAtlas/]: Created: 2048x1024x4 minecraft:textures/atlas/blocks.png-atlas
[2512月2025 00:06:26.460] [Render thread/INFO] [net.minecraft.client.renderer.texture.TextureAtlas/]: Created: 1024x512x4 minecraft:textures/atlas/signs.png-atlas
[2512月2025 00:06:26.471] [Render thread/INFO] [net.minecraft.client.renderer.texture.TextureAtlas/]: Created: 512x512x4 minecraft:textures/atlas/shield_patterns.png-atlas
[2512月2025 00:06:26.474] [Render thread/INFO] [net.minecraft.client.renderer.texture.TextureAtlas/]: Created: 512x512x4 minecraft:textures/atlas/banner_patterns.png-atlas
[2512月2025 00:06:26.477] [Render thread/INFO] [net.minecraft.client.renderer.texture.TextureAtlas/]: Created: 2048x1024x4 minecraft:textures/atlas/armor_trims.png-atlas
[2512月2025 00:06:26.522] [Render thread/INFO] [net.minecraft.client.renderer.texture.TextureAtlas/]: Created: 1024x1024x4 minecraft:textures/atlas/chest.png-atlas
[2512月2025 00:06:26.531] [Render thread/INFO] [net.minecraft.client.renderer.texture.TextureAtlas/]: Created: 128x64x4 minecraft:textures/atlas/decorated_pot.png-atlas
[2512月2025 00:06:26.533] [Render thread/INFO] [net.minecraft.client.renderer.texture.TextureAtlas/]: Created: 512x256x4 minecraft:textures/atlas/beds.png-atlas
[2512月2025 00:06:26.534] [Render thread/INFO] [net.minecraft.client.renderer.texture.TextureAtlas/]: Created: 512x256x4 minecraft:textures/atlas/shulker_boxes.png-atlas
[2512月2025 00:06:26.547] [Render thread/INFO] [net.minecraft.client.renderer.texture.TextureAtlas/]: Created: 512x256x0 minecraft:textures/atlas/particles.png-atlas
[2512月2025 00:06:26.551] [Render thread/INFO] [net.minecraft.client.renderer.texture.TextureAtlas/]: Created: 512x256x0 minecraft:textures/atlas/paintings.png-atlas
[2512月2025 00:06:26.551] [Render thread/INFO] [net.minecraft.client.renderer.texture.TextureAtlas/]: Created: 256x128x0 minecraft:textures/atlas/mob_effects.png-atlas
[2512月2025 00:06:26.552] [Render thread/INFO] [net.minecraft.client.renderer.texture.TextureAtlas/]: Created: 64x64x0 minecraft:textures/atlas/map_decorations.png-atlas
[2512月2025 00:06:26.552] [Render thread/INFO] [net.minecraft.client.renderer.texture.TextureAtlas/]: Created: 1024x512x0 minecraft:textures/atlas/gui.png-atlas
[2512月2025 00:06:26.563] [Render thread/WARN] [net.minecraft.client.renderer.ShaderInstance/]: Shader rendertype_entity_translucent_emissive could not find sampler named Sampler2 in the specified shader program.
[2512月2025 00:06:26.571] [Render thread/INFO] [patchouli/]: BookContentResourceListenerLoader preloaded 751 jsons
[2512月2025 00:06:26.573] [Render thread/INFO] [patchouli/]: Reloading resource pack-based books
[2512月2025 00:06:26.573] [Render thread/INFO] [patchouli/]: BookContentResourceListenerLoader: Files found in 692.5 μs
[2512月2025 00:06:26.574] [Render thread/INFO] [patchouli/]: BookContentResourceListenerLoader: Files found in 721.2 μs
[2512月2025 00:06:26.577] [Render thread/INFO] [patchouli/]: BookContentResourceListenerLoader: Files found in 670.2 μs
[2512月2025 00:06:26.590] [Render thread/INFO] [net.neoforged.neoforge.client.entity.animation.json.AnimationLoader/]: Loaded 0 entity animations
[2512月2025 00:06:26.593] [Render thread/INFO] [net.minecraft.client.renderer.texture.TextureAtlas/]: Created: 256x256x0 jei:textures/atlas/gui.png-atlas
[2512月2025 00:06:26.594] [Render thread/INFO] [mezz.jei.core.util.LoggedTimer/]: Rebuilding ingredient filter...
[2512月2025 00:06:26.724] [Render thread/INFO] [mezz.jei.core.util.LoggedTimer/]: Rebuilding ingredient filter took 130.3 milliseconds
[2512月2025 00:24:53.333] [Render thread/INFO] [net.minecraft.advancements.AdvancementTree/]: Loaded 206 advancements
[2512月2025 00:30:52.569] [Server thread/INFO] [net.minecraft.client.server.IntegratedServer/]: Saving and pausing game...
[2512月2025 00:30:52.575] [Server thread/INFO] [net.minecraft.server.MinecraftServer/]: Saving chunks for level 'ServerLevel[新的世界]'/minecraft:overworld
[2512月2025 00:30:52.579] [Server thread/INFO] [net.minecraft.server.MinecraftServer/]: Saving chunks for level 'ServerLevel[新的世界]'/minecraft:the_end
[2512月2025 00:30:52.579] [Server thread/INFO] [net.minecraft.server.MinecraftServer/]: Saving chunks for level 'ServerLevel[新的世界]'/minecraft:the_nether
[2512月2025 00:30:54.305] [Render thread/INFO] [net.minecraft.server.packs.resources.ReloadableResourceManager/]: Reloading ResourceManager: vanilla, mod_resources, mod/patchouli, mod/neoforge, mod/tfc, mod/tfc_trihydrate, mod/jei
[2512月2025 00:30:54.307] [Worker-Main-1/INFO] [net.minecraft.client.gui.font.providers.UnihexProvider/]: Found unifont_all_no_pua-15.1.05.hex, loading
[2512月2025 00:30:54.329] [Worker-Main-18/INFO] [net.minecraft.client.gui.font.providers.UnihexProvider/]: Found unifont_jp_patch-15.1.05.hex, loading
[2512月2025 00:30:55.686] [Worker-Main-21/WARN] [net.minecraft.client.resources.model.ModelBakery/]: Unable to load model: 'minecraft:item' referenced from: tfc_trihydrate:item/ltk_tool: java.io.FileNotFoundException: minecraft:models/item.json
[2512月2025 00:30:57.876] [Render thread/INFO] [com.mojang.blaze3d.audio.Library/]: OpenAL initialized on device OpenAL Soft on 耳机 (EDIFIER W830NB)
[2512月2025 00:30:57.876] [Render thread/INFO] [net.minecraft.client.sounds.SoundEngine/SOUNDS]: Sound engine started
[2512月2025 00:30:57.978] [Render thread/INFO] [net.minecraft.client.renderer.texture.TextureAtlas/]: Created: 2048x1024x4 minecraft:textures/atlas/blocks.png-atlas
[2512月2025 00:30:58.274] [Render thread/INFO] [net.minecraft.client.renderer.texture.TextureAtlas/]: Created: 1024x512x4 minecraft:textures/atlas/signs.png-atlas
[2512月2025 00:30:58.284] [Render thread/INFO] [net.minecraft.client.renderer.texture.TextureAtlas/]: Created: 512x512x4 minecraft:textures/atlas/shield_patterns.png-atlas
[2512月2025 00:30:58.286] [Render thread/INFO] [net.minecraft.client.renderer.texture.TextureAtlas/]: Created: 512x512x4 minecraft:textures/atlas/banner_patterns.png-atlas
[2512月2025 00:30:58.289] [Render thread/INFO] [net.minecraft.client.renderer.texture.TextureAtlas/]: Created: 2048x1024x4 minecraft:textures/atlas/armor_trims.png-atlas
[2512月2025 00:30:58.334] [Render thread/INFO] [net.minecraft.client.renderer.texture.TextureAtlas/]: Created: 1024x1024x4 minecraft:textures/atlas/chest.png-atlas
[2512月2025 00:30:58.342] [Render thread/INFO] [net.minecraft.client.renderer.texture.TextureAtlas/]: Created: 128x64x4 minecraft:textures/atlas/decorated_pot.png-atlas
[2512月2025 00:30:58.344] [Render thread/INFO] [net.minecraft.client.renderer.texture.TextureAtlas/]: Created: 512x256x4 minecraft:textures/atlas/beds.png-atlas
[2512月2025 00:30:58.345] [Render thread/INFO] [net.minecraft.client.renderer.texture.TextureAtlas/]: Created: 512x256x4 minecraft:textures/atlas/shulker_boxes.png-atlas
[2512月2025 00:30:58.358] [Render thread/INFO] [net.minecraft.client.renderer.texture.TextureAtlas/]: Created: 512x256x0 minecraft:textures/atlas/particles.png-atlas
[2512月2025 00:30:58.362] [Render thread/INFO] [net.minecraft.client.renderer.texture.TextureAtlas/]: Created: 512x256x0 minecraft:textures/atlas/paintings.png-atlas
[2512月2025 00:30:58.363] [Render thread/INFO] [net.minecraft.client.renderer.texture.TextureAtlas/]: Created: 256x128x0 minecraft:textures/atlas/mob_effects.png-atlas
[2512月2025 00:30:58.363] [Render thread/INFO] [net.minecraft.client.renderer.texture.TextureAtlas/]: Created: 64x64x0 minecraft:textures/atlas/map_decorations.png-atlas
[2512月2025 00:30:58.364] [Render thread/INFO] [net.minecraft.client.renderer.texture.TextureAtlas/]: Created: 1024x512x0 minecraft:textures/atlas/gui.png-atlas
[2512月2025 00:30:58.374] [Render thread/WARN] [net.minecraft.client.renderer.ShaderInstance/]: Shader rendertype_entity_translucent_emissive could not find sampler named Sampler2 in the specified shader program.
[2512月2025 00:30:58.383] [Render thread/INFO] [patchouli/]: BookContentResourceListenerLoader preloaded 751 jsons
[2512月2025 00:30:58.383] [Render thread/INFO] [patchouli/]: Reloading resource pack-based books
[2512月2025 00:30:58.384] [Render thread/INFO] [patchouli/]: BookContentResourceListenerLoader: Files found in 680.7 μs
[2512月2025 00:30:58.385] [Render thread/INFO] [patchouli/]: BookContentResourceListenerLoader: Files found in 743.8 μs
[2512月2025 00:30:58.388] [Render thread/INFO] [patchouli/]: BookContentResourceListenerLoader: Files found in 702.8 μs
[2512月2025 00:30:58.399] [Render thread/INFO] [net.neoforged.neoforge.client.entity.animation.json.AnimationLoader/]: Loaded 0 entity animations
[2512月2025 00:30:58.403] [Render thread/INFO] [net.minecraft.client.renderer.texture.TextureAtlas/]: Created: 256x256x0 jei:textures/atlas/gui.png-atlas
[2512月2025 00:30:58.404] [Render thread/INFO] [mezz.jei.core.util.LoggedTimer/]: Rebuilding ingredient filter...
[2512月2025 00:30:58.538] [Render thread/INFO] [mezz.jei.core.util.LoggedTimer/]: Rebuilding ingredient filter took 133.3 milliseconds
[2512月2025 00:31:49.369] [Server thread/INFO] [net.minecraft.client.server.IntegratedServer/]: Saving and pausing game...
[2512月2025 00:31:49.456] [Server thread/INFO] [net.minecraft.server.MinecraftServer/]: Saving chunks for level 'ServerLevel[新的世界]'/minecraft:overworld
[2512月2025 00:31:49.459] [Server thread/INFO] [net.minecraft.server.MinecraftServer/]: Saving chunks for level 'ServerLevel[新的世界]'/minecraft:the_end
[2512月2025 00:31:49.459] [Server thread/INFO] [net.minecraft.server.MinecraftServer/]: Saving chunks for level 'ServerLevel[新的世界]'/minecraft:the_nether
[2512月2025 00:32:31.919] [Server thread/INFO] [net.minecraft.client.server.IntegratedServer/]: Saving and pausing game...
[2512月2025 00:32:31.930] [Server thread/INFO] [net.minecraft.server.MinecraftServer/]: Saving chunks for level 'ServerLevel[新的世界]'/minecraft:overworld
[2512月2025 00:32:31.934] [Server thread/INFO] [net.minecraft.server.MinecraftServer/]: Saving chunks for level 'ServerLevel[新的世界]'/minecraft:the_end
[2512月2025 00:32:31.934] [Server thread/INFO] [net.minecraft.server.MinecraftServer/]: Saving chunks for level 'ServerLevel[新的世界]'/minecraft:the_nether
[2512月2025 00:32:33.893] [Render thread/INFO] [net.minecraft.server.packs.resources.ReloadableResourceManager/]: Reloading ResourceManager: mod_resources, mod/patchouli, mod/neoforge, mod/tfc, mod/tfc_trihydrate, mod/jei, vanilla
[2512月2025 00:32:33.895] [Worker-Main-10/INFO] [net.minecraft.client.gui.font.providers.UnihexProvider/]: Found unifont_all_no_pua-15.1.05.hex, loading
[2512月2025 00:32:33.916] [Worker-Main-19/INFO] [net.minecraft.client.gui.font.providers.UnihexProvider/]: Found unifont_jp_patch-15.1.05.hex, loading
[2512月2025 00:32:35.310] [Worker-Main-4/WARN] [net.minecraft.client.resources.model.ModelBakery/]: Unable to load model: 'minecraft:item' referenced from: tfc_trihydrate:item/ltk_tool: java.io.FileNotFoundException: minecraft:models/item.json
[2512月2025 00:32:37.114] [Render thread/INFO] [com.mojang.blaze3d.audio.Library/]: OpenAL initialized on device OpenAL Soft on 耳机 (EDIFIER W830NB)
[2512月2025 00:32:37.114] [Render thread/INFO] [net.minecraft.client.sounds.SoundEngine/SOUNDS]: Sound engine started
[2512月2025 00:32:37.180] [Render thread/INFO] [net.minecraft.client.renderer.texture.TextureAtlas/]: Created: 2048x1024x4 minecraft:textures/atlas/blocks.png-atlas
[2512月2025 00:32:37.440] [Render thread/INFO] [net.minecraft.client.renderer.texture.TextureAtlas/]: Created: 1024x512x4 minecraft:textures/atlas/signs.png-atlas
[2512月2025 00:32:37.449] [Render thread/INFO] [net.minecraft.client.renderer.texture.TextureAtlas/]: Created: 512x512x4 minecraft:textures/atlas/shield_patterns.png-atlas
[2512月2025 00:32:37.452] [Render thread/INFO] [net.minecraft.client.renderer.texture.TextureAtlas/]: Created: 512x512x4 minecraft:textures/atlas/banner_patterns.png-atlas
[2512月2025 00:32:37.455] [Render thread/INFO] [net.minecraft.client.renderer.texture.TextureAtlas/]: Created: 2048x1024x4 minecraft:textures/atlas/armor_trims.png-atlas
[2512月2025 00:32:37.498] [Render thread/INFO] [net.minecraft.client.renderer.texture.TextureAtlas/]: Created: 1024x1024x4 minecraft:textures/atlas/chest.png-atlas
[2512月2025 00:32:37.505] [Render thread/INFO] [net.minecraft.client.renderer.texture.TextureAtlas/]: Created: 128x64x4 minecraft:textures/atlas/decorated_pot.png-atlas
[2512月2025 00:32:37.506] [Render thread/INFO] [net.minecraft.client.renderer.texture.TextureAtlas/]: Created: 512x256x4 minecraft:textures/atlas/beds.png-atlas
[2512月2025 00:32:37.507] [Render thread/INFO] [net.minecraft.client.renderer.texture.TextureAtlas/]: Created: 512x256x4 minecraft:textures/atlas/shulker_boxes.png-atlas
[2512月2025 00:32:37.521] [Render thread/INFO] [net.minecraft.client.renderer.texture.TextureAtlas/]: Created: 512x256x0 minecraft:textures/atlas/particles.png-atlas
[2512月2025 00:32:37.524] [Render thread/INFO] [net.minecraft.client.renderer.texture.TextureAtlas/]: Created: 512x256x0 minecraft:textures/atlas/paintings.png-atlas
[2512月2025 00:32:37.524] [Render thread/INFO] [net.minecraft.client.renderer.texture.TextureAtlas/]: Created: 256x128x0 minecraft:textures/atlas/mob_effects.png-atlas
[2512月2025 00:32:37.525] [Render thread/INFO] [net.minecraft.client.renderer.texture.TextureAtlas/]: Created: 64x64x0 minecraft:textures/atlas/map_decorations.png-atlas
[2512月2025 00:32:37.525] [Render thread/INFO] [net.minecraft.client.renderer.texture.TextureAtlas/]: Created: 1024x512x0 minecraft:textures/atlas/gui.png-atlas
[2512月2025 00:32:37.538] [Render thread/WARN] [net.minecraft.client.renderer.ShaderInstance/]: Shader rendertype_entity_translucent_emissive could not find sampler named Sampler2 in the specified shader program.
[2512月2025 00:32:37.548] [Render thread/INFO] [patchouli/]: BookContentResourceListenerLoader preloaded 751 jsons
[2512月2025 00:32:37.548] [Render thread/INFO] [patchouli/]: Reloading resource pack-based books
[2512月2025 00:32:37.549] [Render thread/INFO] [patchouli/]: BookContentResourceListenerLoader: Files found in 709.8 μs
[2512月2025 00:32:37.549] [Render thread/INFO] [patchouli/]: BookContentResourceListenerLoader: Files found in 716.8 μs
[2512月2025 00:32:37.554] [Render thread/INFO] [patchouli/]: BookContentResourceListenerLoader: Files found in 739.8 μs
[2512月2025 00:32:37.563] [Render thread/INFO] [net.neoforged.neoforge.client.entity.animation.json.AnimationLoader/]: Loaded 0 entity animations
[2512月2025 00:32:37.568] [Render thread/INFO] [net.minecraft.client.renderer.texture.TextureAtlas/]: Created: 256x256x0 jei:textures/atlas/gui.png-atlas
[2512月2025 00:32:37.568] [Render thread/INFO] [mezz.jei.core.util.LoggedTimer/]: Rebuilding ingredient filter...
[2512月2025 00:32:37.696] [Render thread/INFO] [mezz.jei.core.util.LoggedTimer/]: Rebuilding ingredient filter took 127.3 milliseconds
[2512月2025 00:33:10.120] [Server thread/INFO] [net.minecraft.client.server.IntegratedServer/]: Saving and pausing game...
[2512月2025 00:33:10.125] [Server thread/INFO] [net.minecraft.server.MinecraftServer/]: Saving chunks for level 'ServerLevel[新的世界]'/minecraft:overworld
[2512月2025 00:33:10.129] [Server thread/INFO] [net.minecraft.server.MinecraftServer/]: Saving chunks for level 'ServerLevel[新的世界]'/minecraft:the_end
[2512月2025 00:33:10.129] [Server thread/INFO] [net.minecraft.server.MinecraftServer/]: Saving chunks for level 'ServerLevel[新的世界]'/minecraft:the_nether
[2512月2025 00:33:14.883] [Render thread/INFO] [net.minecraft.server.packs.resources.ReloadableResourceManager/]: Reloading ResourceManager: vanilla, mod_resources, mod/patchouli, mod/neoforge, mod/tfc, mod/tfc_trihydrate, mod/jei
[2512月2025 00:33:14.886] [Worker-Main-7/INFO] [net.minecraft.client.gui.font.providers.UnihexProvider/]: Found unifont_all_no_pua-15.1.05.hex, loading
[2512月2025 00:33:14.910] [Worker-Main-21/INFO] [net.minecraft.client.gui.font.providers.UnihexProvider/]: Found unifont_jp_patch-15.1.05.hex, loading
[2512月2025 00:33:16.262] [Worker-Main-20/WARN] [net.minecraft.client.resources.model.ModelBakery/]: Unable to load model: 'minecraft:item' referenced from: tfc_trihydrate:item/ltk_tool: java.io.FileNotFoundException: minecraft:models/item.json
[2512月2025 00:33:18.253] [Render thread/INFO] [com.mojang.blaze3d.audio.Library/]: OpenAL initialized on device OpenAL Soft on 耳机 (EDIFIER W830NB)
[2512月2025 00:33:18.255] [Render thread/INFO] [net.minecraft.client.sounds.SoundEngine/SOUNDS]: Sound engine started
[2512月2025 00:33:18.338] [Render thread/INFO] [net.minecraft.client.renderer.texture.TextureAtlas/]: Created: 2048x1024x4 minecraft:textures/atlas/blocks.png-atlas
[2512月2025 00:33:18.623] [Render thread/INFO] [net.minecraft.client.renderer.texture.TextureAtlas/]: Created: 1024x512x4 minecraft:textures/atlas/signs.png-atlas
[2512月2025 00:33:18.634] [Render thread/INFO] [net.minecraft.client.renderer.texture.TextureAtlas/]: Created: 512x512x4 minecraft:textures/atlas/shield_patterns.png-atlas
[2512月2025 00:33:18.637] [Render thread/INFO] [net.minecraft.client.renderer.texture.TextureAtlas/]: Created: 512x512x4 minecraft:textures/atlas/banner_patterns.png-atlas
[2512月2025 00:33:18.639] [Render thread/INFO] [net.minecraft.client.renderer.texture.TextureAtlas/]: Created: 2048x1024x4 minecraft:textures/atlas/armor_trims.png-atlas
[2512月2025 00:33:18.690] [Render thread/INFO] [net.minecraft.client.renderer.texture.TextureAtlas/]: Created: 1024x1024x4 minecraft:textures/atlas/chest.png-atlas
[2512月2025 00:33:18.699] [Render thread/INFO] [net.minecraft.client.renderer.texture.TextureAtlas/]: Created: 128x64x4 minecraft:textures/atlas/decorated_pot.png-atlas
[2512月2025 00:33:18.700] [Render thread/INFO] [net.minecraft.client.renderer.texture.TextureAtlas/]: Created: 512x256x4 minecraft:textures/atlas/beds.png-atlas
[2512月2025 00:33:18.701] [Render thread/INFO] [net.minecraft.client.renderer.texture.TextureAtlas/]: Created: 512x256x4 minecraft:textures/atlas/shulker_boxes.png-atlas
[2512月2025 00:33:18.715] [Render thread/INFO] [net.minecraft.client.renderer.texture.TextureAtlas/]: Created: 512x256x0 minecraft:textures/atlas/particles.png-atlas
[2512月2025 00:33:18.719] [Render thread/INFO] [net.minecraft.client.renderer.texture.TextureAtlas/]: Created: 512x256x0 minecraft:textures/atlas/paintings.png-atlas
[2512月2025 00:33:18.719] [Render thread/INFO] [net.minecraft.client.renderer.texture.TextureAtlas/]: Created: 256x128x0 minecraft:textures/atlas/mob_effects.png-atlas
[2512月2025 00:33:18.720] [Render thread/INFO] [net.minecraft.client.renderer.texture.TextureAtlas/]: Created: 64x64x0 minecraft:textures/atlas/map_decorations.png-atlas
[2512月2025 00:33:18.720] [Render thread/INFO] [net.minecraft.client.renderer.texture.TextureAtlas/]: Created: 1024x512x0 minecraft:textures/atlas/gui.png-atlas
[2512月2025 00:33:18.731] [Render thread/WARN] [net.minecraft.client.renderer.ShaderInstance/]: Shader rendertype_entity_translucent_emissive could not find sampler named Sampler2 in the specified shader program.
[2512月2025 00:33:18.741] [Render thread/INFO] [patchouli/]: BookContentResourceListenerLoader preloaded 751 jsons
[2512月2025 00:33:18.741] [Render thread/INFO] [patchouli/]: Reloading resource pack-based books
[2512月2025 00:33:18.743] [Render thread/INFO] [patchouli/]: BookContentResourceListenerLoader: Files found in 800.4 μs
[2512月2025 00:33:18.744] [Render thread/INFO] [patchouli/]: BookContentResourceListenerLoader: Files found in 806.2 μs
[2512月2025 00:33:18.747] [Render thread/INFO] [patchouli/]: BookContentResourceListenerLoader: Files found in 801.2 μs
[2512月2025 00:33:18.759] [Render thread/INFO] [net.neoforged.neoforge.client.entity.animation.json.AnimationLoader/]: Loaded 0 entity animations
[2512月2025 00:33:18.763] [Render thread/INFO] [net.minecraft.client.renderer.texture.TextureAtlas/]: Created: 256x256x0 jei:textures/atlas/gui.png-atlas
[2512月2025 00:33:18.764] [Render thread/INFO] [mezz.jei.core.util.LoggedTimer/]: Rebuilding ingredient filter...
[2512月2025 00:33:18.930] [Render thread/INFO] [mezz.jei.core.util.LoggedTimer/]: Rebuilding ingredient filter took 165.3 milliseconds
[2512月2025 00:39:00.669] [Server thread/INFO] [net.minecraft.client.server.IntegratedServer/]: Saving and pausing game...
[2512月2025 00:39:00.676] [Server thread/INFO] [net.minecraft.server.MinecraftServer/]: Saving chunks for level 'ServerLevel[新的世界]'/minecraft:overworld
[2512月2025 00:39:00.680] [Server thread/INFO] [net.minecraft.server.MinecraftServer/]: Saving chunks for level 'ServerLevel[新的世界]'/minecraft:the_end
[2512月2025 00:39:00.680] [Server thread/INFO] [net.minecraft.server.MinecraftServer/]: Saving chunks for level 'ServerLevel[新的世界]'/minecraft:the_nether
[2512月2025 00:39:02.581] [Render thread/INFO] [net.minecraft.server.packs.resources.ReloadableResourceManager/]: Reloading ResourceManager: mod_resources, mod/patchouli, mod/neoforge, mod/tfc, mod/tfc_trihydrate, mod/jei, vanilla
[2512月2025 00:39:02.584] [Worker-Main-21/INFO] [net.minecraft.client.gui.font.providers.UnihexProvider/]: Found unifont_all_no_pua-15.1.05.hex, loading
[2512月2025 00:39:02.606] [Worker-Main-19/INFO] [net.minecraft.client.gui.font.providers.UnihexProvider/]: Found unifont_jp_patch-15.1.05.hex, loading
[2512月2025 00:39:04.013] [Worker-Main-7/WARN] [net.minecraft.client.resources.model.ModelBakery/]: Unable to load model: 'minecraft:item' referenced from: tfc_trihydrate:item/ltk_tool: java.io.FileNotFoundException: minecraft:models/item.json
[2512月2025 00:39:05.980] [Render thread/INFO] [com.mojang.blaze3d.audio.Library/]: OpenAL initialized on device OpenAL Soft on 耳机 (EDIFIER W830NB)
[2512月2025 00:39:05.980] [Render thread/INFO] [net.minecraft.client.sounds.SoundEngine/SOUNDS]: Sound engine started
[2512月2025 00:39:06.053] [Render thread/INFO] [net.minecraft.client.renderer.texture.TextureAtlas/]: Created: 2048x1024x4 minecraft:textures/atlas/blocks.png-atlas
[2512月2025 00:39:06.335] [Render thread/INFO] [net.minecraft.client.renderer.texture.TextureAtlas/]: Created: 1024x512x4 minecraft:textures/atlas/signs.png-atlas
[2512月2025 00:39:06.346] [Render thread/INFO] [net.minecraft.client.renderer.texture.TextureAtlas/]: Created: 512x512x4 minecraft:textures/atlas/shield_patterns.png-atlas
[2512月2025 00:39:06.348] [Render thread/INFO] [net.minecraft.client.renderer.texture.TextureAtlas/]: Created: 512x512x4 minecraft:textures/atlas/banner_patterns.png-atlas
[2512月2025 00:39:06.350] [Render thread/INFO] [net.minecraft.client.renderer.texture.TextureAtlas/]: Created: 2048x1024x4 minecraft:textures/atlas/armor_trims.png-atlas
[2512月2025 00:39:06.397] [Render thread/INFO] [net.minecraft.client.renderer.texture.TextureAtlas/]: Created: 1024x1024x4 minecraft:textures/atlas/chest.png-atlas
[2512月2025 00:39:06.406] [Render thread/INFO] [net.minecraft.client.renderer.texture.TextureAtlas/]: Created: 128x64x4 minecraft:textures/atlas/decorated_pot.png-atlas
[2512月2025 00:39:06.407] [Render thread/INFO] [net.minecraft.client.renderer.texture.TextureAtlas/]: Created: 512x256x4 minecraft:textures/atlas/beds.png-atlas
[2512月2025 00:39:06.408] [Render thread/INFO] [net.minecraft.client.renderer.texture.TextureAtlas/]: Created: 512x256x4 minecraft:textures/atlas/shulker_boxes.png-atlas
[2512月2025 00:39:06.420] [Render thread/INFO] [net.minecraft.client.renderer.texture.TextureAtlas/]: Created: 512x256x0 minecraft:textures/atlas/particles.png-atlas
[2512月2025 00:39:06.424] [Render thread/INFO] [net.minecraft.client.renderer.texture.TextureAtlas/]: Created: 512x256x0 minecraft:textures/atlas/paintings.png-atlas
[2512月2025 00:39:06.425] [Render thread/INFO] [net.minecraft.client.renderer.texture.TextureAtlas/]: Created: 256x128x0 minecraft:textures/atlas/mob_effects.png-atlas
[2512月2025 00:39:06.425] [Render thread/INFO] [net.minecraft.client.renderer.texture.TextureAtlas/]: Created: 64x64x0 minecraft:textures/atlas/map_decorations.png-atlas
[2512月2025 00:39:06.426] [Render thread/INFO] [net.minecraft.client.renderer.texture.TextureAtlas/]: Created: 1024x512x0 minecraft:textures/atlas/gui.png-atlas
[2512月2025 00:39:06.438] [Render thread/WARN] [net.minecraft.client.renderer.ShaderInstance/]: Shader rendertype_entity_translucent_emissive could not find sampler named Sampler2 in the specified shader program.
[2512月2025 00:39:06.447] [Render thread/INFO] [patchouli/]: BookContentResourceListenerLoader preloaded 751 jsons
[2512月2025 00:39:06.447] [Render thread/INFO] [patchouli/]: Reloading resource pack-based books
[2512月2025 00:39:06.448] [Render thread/INFO] [patchouli/]: BookContentResourceListenerLoader: Files found in 682.4 μs
[2512月2025 00:39:06.449] [Render thread/INFO] [patchouli/]: BookContentResourceListenerLoader: Files found in 726.5 μs
[2512月2025 00:39:06.454] [Render thread/INFO] [patchouli/]: BookContentResourceListenerLoader: Files found in 768.0 μs
[2512月2025 00:39:06.464] [Render thread/INFO] [net.neoforged.neoforge.client.entity.animation.json.AnimationLoader/]: Loaded 0 entity animations
[2512月2025 00:39:06.468] [Render thread/INFO] [net.minecraft.client.renderer.texture.TextureAtlas/]: Created: 256x256x0 jei:textures/atlas/gui.png-atlas
[2512月2025 00:39:06.469] [Render thread/INFO] [mezz.jei.core.util.LoggedTimer/]: Rebuilding ingredient filter...
[2512月2025 00:39:06.605] [Render thread/INFO] [mezz.jei.core.util.LoggedTimer/]: Rebuilding ingredient filter took 136.3 milliseconds
[2512月2025 00:40:00.920] [Server thread/INFO] [net.minecraft.client.server.IntegratedServer/]: Saving and pausing game...
[2512月2025 00:40:00.933] [Server thread/INFO] [net.minecraft.server.MinecraftServer/]: Saving chunks for level 'ServerLevel[新的世界]'/minecraft:overworld
[2512月2025 00:40:00.938] [Server thread/INFO] [net.minecraft.server.MinecraftServer/]: Saving chunks for level 'ServerLevel[新的世界]'/minecraft:the_end
[2512月2025 00:40:00.938] [Server thread/INFO] [net.minecraft.server.MinecraftServer/]: Saving chunks for level 'ServerLevel[新的世界]'/minecraft:the_nether
[2512月2025 00:40:14.920] [Server thread/INFO] [net.minecraft.client.server.IntegratedServer/]: Saving and pausing game...
[2512月2025 00:40:14.927] [Server thread/INFO] [net.minecraft.server.MinecraftServer/]: Saving chunks for level 'ServerLevel[新的世界]'/minecraft:overworld
[2512月2025 00:40:14.929] [Server thread/INFO] [net.minecraft.server.MinecraftServer/]: Saving chunks for level 'ServerLevel[新的世界]'/minecraft:the_end
[2512月2025 00:40:14.929] [Server thread/INFO] [net.minecraft.server.MinecraftServer/]: Saving chunks for level 'ServerLevel[新的世界]'/minecraft:the_nether
[2512月2025 00:47:13.779] [Server thread/INFO] [net.minecraft.server.MinecraftServer/]: [Dev: Skipping ahead 12:20 (12345 ticks)]
[2512月2025 00:47:13.782] [Render thread/INFO] [net.minecraft.client.gui.components.ChatComponent/]: [System] [CHAT] Skipping ahead 12:20 (12345 ticks)
[2512月2025 00:47:37.177] [Render thread/INFO] [net.minecraft.advancements.AdvancementTree/]: Loaded 212 advancements
[2512月2025 00:47:51.925] [Server thread/INFO] [net.minecraft.server.MinecraftServer/]: [Dev: 已将自己的游戏模式设置为生存模式]
[2512月2025 00:47:51.928] [Render thread/INFO] [net.minecraft.client.gui.components.ChatComponent/]: [System] [CHAT] 已将自己的游戏模式设置为生存模式
[2512月2025 00:48:17.369] [Server thread/INFO] [net.minecraft.client.server.IntegratedServer/]: Saving and pausing game...
[2512月2025 00:48:17.375] [Server thread/INFO] [net.minecraft.server.MinecraftServer/]: Saving chunks for level 'ServerLevel[新的世界]'/minecraft:overworld
[2512月2025 00:48:17.378] [Server thread/INFO] [net.minecraft.server.MinecraftServer/]: Saving chunks for level 'ServerLevel[新的世界]'/minecraft:the_end
[2512月2025 00:48:17.378] [Server thread/INFO] [net.minecraft.server.MinecraftServer/]: Saving chunks for level 'ServerLevel[新的世界]'/minecraft:the_nether
[2512月2025 00:48:24.677] [Server thread/INFO] [net.minecraft.server.MinecraftServer/]: [Dev: 已将自己的游戏模式设置为创造模式]
[2512月2025 00:48:24.677] [Render thread/INFO] [net.minecraft.client.gui.components.ChatComponent/]: [System] [CHAT] 已将自己的游戏模式设置为创造模式
[2512月2025 00:49:10.769] [Server thread/INFO] [net.minecraft.client.server.IntegratedServer/]: Saving and pausing game...
[2512月2025 00:49:10.777] [Server thread/INFO] [net.minecraft.server.MinecraftServer/]: Saving chunks for level 'ServerLevel[新的世界]'/minecraft:overworld
[2512月2025 00:49:10.780] [Server thread/INFO] [net.minecraft.server.MinecraftServer/]: Saving chunks for level 'ServerLevel[新的世界]'/minecraft:the_end
[2512月2025 00:49:10.780] [Server thread/INFO] [net.minecraft.server.MinecraftServer/]: Saving chunks for level 'ServerLevel[新的世界]'/minecraft:the_nether
[2512月2025 00:49:46.259] [Server thread/INFO] [net.minecraft.server.MinecraftServer/]: [Dev: 已将自己的游戏模式设置为生存模式]
[2512月2025 00:49:46.261] [Render thread/INFO] [net.minecraft.client.gui.components.ChatComponent/]: [System] [CHAT] 已将自己的游戏模式设置为生存模式
[2512月2025 00:49:55.350] [Server thread/INFO] [net.minecraft.server.MinecraftServer/]: [Dev: 已将Dev的出生点设为Overworld中的-1198, 103, 1121 [0.0]]
[2512月2025 00:49:55.356] [Render thread/INFO] [net.minecraft.client.gui.components.ChatComponent/]: [System] [CHAT] 已将Dev的出生点设为Overworld中的-1198, 103, 1121 [0.0]
[2512月2025 00:50:11.439] [Server thread/INFO] [net.minecraft.server.MinecraftServer/]: [Dev: 已将瞬间治疗效果应用于Dev]
[2512月2025 00:50:11.449] [Render thread/INFO] [net.minecraft.client.gui.components.ChatComponent/]: [System] [CHAT] 已将瞬间治疗效果应用于Dev
[2512月2025 00:50:18.803] [Server thread/INFO] [net.minecraft.server.MinecraftServer/]: [Dev: 已移除Dev的所有效果]
[2512月2025 00:50:18.809] [Render thread/INFO] [net.minecraft.client.gui.components.ChatComponent/]: [System] [CHAT] 已移除Dev的所有效果
[2512月2025 00:50:41.470] [Server thread/INFO] [net.minecraft.client.server.IntegratedServer/]: Saving and pausing game...
[2512月2025 00:50:41.479] [Server thread/INFO] [net.minecraft.server.MinecraftServer/]: Saving chunks for level 'ServerLevel[新的世界]'/minecraft:overworld
[2512月2025 00:50:41.481] [Server thread/INFO] [net.minecraft.server.MinecraftServer/]: Saving chunks for level 'ServerLevel[新的世界]'/minecraft:the_end
[2512月2025 00:50:41.481] [Server thread/INFO] [net.minecraft.server.MinecraftServer/]: Saving chunks for level 'ServerLevel[新的世界]'/minecraft:the_nether
[2512月2025 00:50:52.790] [Server thread/INFO] [net.minecraft.server.MinecraftServer/]: [Dev: 已将自己的游戏模式设置为创造模式]
[2512月2025 00:50:52.791] [Render thread/INFO] [net.minecraft.client.gui.components.ChatComponent/]: [System] [CHAT] 已将自己的游戏模式设置为创造模式
[2512月2025 00:51:34.753] [Server thread/INFO] [net.minecraft.server.MinecraftServer/]: [Dev: 已将自己的游戏模式设置为生存模式]
[2512月2025 00:51:34.755] [Render thread/INFO] [net.minecraft.client.gui.components.ChatComponent/]: [System] [CHAT] 已将自己的游戏模式设置为生存模式
[2512月2025 00:51:37.624] [Server thread/INFO] [net.minecraft.server.MinecraftServer/]: [Dev: 已将瞬间治疗效果应用于Dev]
[2512月2025 00:51:37.625] [Render thread/INFO] [net.minecraft.client.gui.components.ChatComponent/]: [System] [CHAT] 已将瞬间治疗效果应用于Dev
[2512月2025 00:51:39.673] [Server thread/INFO] [net.minecraft.server.MinecraftServer/]: [Dev: 已移除Dev的所有效果]
[2512月2025 00:51:39.675] [Render thread/INFO] [net.minecraft.client.gui.components.ChatComponent/]: [System] [CHAT] 已移除Dev的所有效果
[2512月2025 00:52:06.594] [Server thread/INFO] [net.minecraft.server.MinecraftServer/]: [Dev: 已将自己的游戏模式设置为创造模式]
[2512月2025 00:52:06.596] [Render thread/INFO] [net.minecraft.client.gui.components.ChatComponent/]: [System] [CHAT] 已将自己的游戏模式设置为创造模式
[2512月2025 00:52:53.315] [Server thread/INFO] [net.minecraft.server.MinecraftServer/]: [Dev: 已将自己的游戏模式设置为生存模式]
[2512月2025 00:52:53.319] [Render thread/INFO] [net.minecraft.client.gui.components.ChatComponent/]: [System] [CHAT] 已将自己的游戏模式设置为生存模式
[2512月2025 00:52:59.339] [Server thread/INFO] [net.minecraft.server.MinecraftServer/]: [Dev: 已将瞬间治疗效果应用于Dev]
[2512月2025 00:52:59.343] [Render thread/INFO] [net.minecraft.client.gui.components.ChatComponent/]: [System] [CHAT] 已将瞬间治疗效果应用于Dev
[2512月2025 00:53:03.598] [Server thread/INFO] [net.minecraft.server.MinecraftServer/]: [Dev: 已将自己的游戏模式设置为创造模式]
[2512月2025 00:53:03.603] [Render thread/INFO] [net.minecraft.client.gui.components.ChatComponent/]: [System] [CHAT] 已将自己的游戏模式设置为创造模式
[2512月2025 00:53:16.395] [Server thread/INFO] [net.minecraft.server.MinecraftServer/]: [Dev: 已将自己的游戏模式设置为生存模式]
[2512月2025 00:53:16.400] [Render thread/INFO] [net.minecraft.client.gui.components.ChatComponent/]: [System] [CHAT] 已将自己的游戏模式设置为生存模式
[2512月2025 00:53:38.628] [Server thread/INFO] [net.minecraft.server.MinecraftServer/]: Dev被苦力怕炸死了
[2512月2025 00:53:38.638] [Render thread/INFO] [net.minecraft.client.gui.components.ChatComponent/]: [System] [CHAT] Dev被苦力怕炸死了
[2512月2025 00:53:40.719] [Server thread/INFO] [net.minecraft.client.server.IntegratedServer/]: Saving and pausing game...
[2512月2025 00:53:40.726] [Server thread/INFO] [net.minecraft.server.MinecraftServer/]: Saving chunks for level 'ServerLevel[新的世界]'/minecraft:overworld
[2512月2025 00:53:40.778] [Server thread/INFO] [net.minecraft.server.MinecraftServer/]: Saving chunks for level 'ServerLevel[新的世界]'/minecraft:the_end
[2512月2025 00:53:40.780] [Server thread/INFO] [net.minecraft.server.MinecraftServer/]: Saving chunks for level 'ServerLevel[新的世界]'/minecraft:the_nether
[2512月2025 00:53:46.153] [Server thread/INFO] [net.minecraft.server.MinecraftServer/]: [Dev: 已将自己的游戏模式设置为创造模式]
[2512月2025 00:53:46.156] [Render thread/INFO] [net.minecraft.client.gui.components.ChatComponent/]: [System] [CHAT] 已将自己的游戏模式设置为创造模式
[2512月2025 00:54:27.900] [Server thread/INFO] [net.minecraft.server.MinecraftServer/]: [Dev: 已将自己的游戏模式设置为生存模式]
[2512月2025 00:54:27.901] [Render thread/INFO] [net.minecraft.client.gui.components.ChatComponent/]: [System] [CHAT] 已将自己的游戏模式设置为生存模式
[2512月2025 00:54:31.775] [Server thread/INFO] [net.minecraft.server.MinecraftServer/]: Dev被苦力怕炸死了
[2512月2025 00:54:31.778] [Render thread/INFO] [net.minecraft.client.gui.components.ChatComponent/]: [System] [CHAT] Dev被苦力怕炸死了
[2512月2025 00:54:36.176] [Server thread/INFO] [net.minecraft.server.MinecraftServer/]: [Dev: 已将自己的游戏模式设置为创造模式]
[2512月2025 00:54:36.178] [Render thread/INFO] [net.minecraft.client.gui.components.ChatComponent/]: [System] [CHAT] 已将自己的游戏模式设置为创造模式
[2512月2025 00:54:54.391] [Server thread/INFO] [net.minecraft.server.MinecraftServer/]: [Dev: 已将自己的游戏模式设置为生存模式]
[2512月2025 00:54:54.391] [Render thread/INFO] [net.minecraft.client.gui.components.ChatComponent/]: [System] [CHAT] 已将自己的游戏模式设置为生存模式
[2512月2025 00:54:57.376] [Server thread/INFO] [net.minecraft.server.MinecraftServer/]: Dev被苦力怕炸死了
[2512月2025 00:54:57.379] [Render thread/INFO] [net.minecraft.client.gui.components.ChatComponent/]: [System] [CHAT] Dev被苦力怕炸死了
[2512月2025 00:55:01.810] [Server thread/INFO] [net.minecraft.server.MinecraftServer/]: [Dev: 已将自己的游戏模式设置为创造模式]
[2512月2025 00:55:01.813] [Render thread/INFO] [net.minecraft.client.gui.components.ChatComponent/]: [System] [CHAT] 已将自己的游戏模式设置为创造模式
[2512月2025 00:55:19.231] [Server thread/INFO] [net.minecraft.server.MinecraftServer/]: [Dev: 已将自己的游戏模式设置为生存模式]
[2512月2025 00:55:19.238] [Render thread/INFO] [net.minecraft.client.gui.components.ChatComponent/]: [System] [CHAT] 已将自己的游戏模式设置为生存模式
[2512月2025 00:55:22.426] [Server thread/INFO] [net.minecraft.server.MinecraftServer/]: Dev被苦力怕炸死了
[2512月2025 00:55:22.431] [Render thread/INFO] [net.minecraft.client.gui.components.ChatComponent/]: [System] [CHAT] Dev被苦力怕炸死了
[2512月2025 00:55:25.266] [Server thread/INFO] [net.minecraft.server.MinecraftServer/]: [Dev: 已将自己的游戏模式设置为创造模式]
[2512月2025 00:55:25.270] [Render thread/INFO] [net.minecraft.client.gui.components.ChatComponent/]: [System] [CHAT] 已将自己的游戏模式设置为创造模式
[2512月2025 00:55:41.305] [Server thread/INFO] [net.minecraft.server.MinecraftServer/]: [Dev: 已将自己的游戏模式设置为生存模式]
[2512月2025 00:55:41.306] [Render thread/INFO] [net.minecraft.client.gui.components.ChatComponent/]: [System] [CHAT] 已将自己的游戏模式设置为生存模式
[2512月2025 00:55:45.325] [Server thread/INFO] [net.minecraft.server.MinecraftServer/]: Dev被苦力怕炸死了
[2512月2025 00:55:45.334] [Render thread/INFO] [net.minecraft.client.gui.components.ChatComponent/]: [System] [CHAT] Dev被苦力怕炸死了
[2512月2025 00:55:48.330] [Server thread/INFO] [net.minecraft.server.MinecraftServer/]: [Dev: 已将自己的游戏模式设置为创造模式]
[2512月2025 00:55:48.333] [Render thread/INFO] [net.minecraft.client.gui.components.ChatComponent/]: [System] [CHAT] 已将自己的游戏模式设置为创造模式
[2512月2025 00:56:00.074] [Server thread/INFO] [net.minecraft.server.MinecraftServer/]: [Dev: 已将自己的游戏模式设置为生存模式]
[2512月2025 00:56:00.076] [Render thread/INFO] [net.minecraft.client.gui.components.ChatComponent/]: [System] [CHAT] 已将自己的游戏模式设置为生存模式
[2512月2025 00:56:07.653] [Server thread/INFO] [net.minecraft.server.MinecraftServer/]: [Dev: 已将自己的游戏模式设置为创造模式]
[2512月2025 00:56:07.656] [Render thread/INFO] [net.minecraft.client.gui.components.ChatComponent/]: [System] [CHAT] 已将自己的游戏模式设置为创造模式
[2512月2025 00:56:17.965] [Server thread/INFO] [net.minecraft.server.MinecraftServer/]: [Dev: 已将自己的游戏模式设置为生存模式]
[2512月2025 00:56:17.965] [Render thread/INFO] [net.minecraft.client.gui.components.ChatComponent/]: [System] [CHAT] 已将自己的游戏模式设置为生存模式
[2512月2025 00:56:21.226] [Server thread/INFO] [net.minecraft.server.MinecraftServer/]: Dev被苦力怕炸死了
[2512月2025 00:56:21.231] [Render thread/INFO] [net.minecraft.client.gui.components.ChatComponent/]: [System] [CHAT] Dev被苦力怕炸死了
[2512月2025 00:56:24.261] [Server thread/INFO] [net.minecraft.server.MinecraftServer/]: [Dev: 已将自己的游戏模式设置为冒险模式]
[2512月2025 00:56:24.261] [Render thread/INFO] [net.minecraft.client.gui.components.ChatComponent/]: [System] [CHAT] 已将自己的游戏模式设置为冒险模式
[2512月2025 00:56:26.154] [Server thread/INFO] [net.minecraft.server.MinecraftServer/]: [Dev: 已将自己的游戏模式设置为生存模式]
[2512月2025 00:56:26.156] [Render thread/INFO] [net.minecraft.client.gui.components.ChatComponent/]: [System] [CHAT] 已将自己的游戏模式设置为生存模式
[2512月2025 00:56:29.410] [Server thread/INFO] [net.minecraft.server.MinecraftServer/]: [Dev: 已将自己的游戏模式设置为创造模式]
[2512月2025 00:56:29.411] [Render thread/INFO] [net.minecraft.client.gui.components.ChatComponent/]: [System] [CHAT] 已将自己的游戏模式设置为创造模式
[2512月2025 00:56:53.564] [Server thread/INFO] [net.minecraft.server.MinecraftServer/]: [Dev: 已将自己的游戏模式设置为生存模式]
[2512月2025 00:56:53.565] [Render thread/INFO] [net.minecraft.client.gui.components.ChatComponent/]: [System] [CHAT] 已将自己的游戏模式设置为生存模式
[2512月2025 00:57:02.928] [Server thread/INFO] [net.minecraft.server.MinecraftServer/]: [Dev: 已将自己的游戏模式设置为创造模式]
[2512月2025 00:57:02.928] [Render thread/INFO] [net.minecraft.client.gui.components.ChatComponent/]: [System] [CHAT] 已将自己的游戏模式设置为创造模式
[2512月2025 00:57:28.924] [Server thread/INFO] [net.minecraft.server.MinecraftServer/]: [Dev: 已将自己的游戏模式设置为生存模式]
[2512月2025 00:57:28.927] [Render thread/INFO] [net.minecraft.client.gui.components.ChatComponent/]: [System] [CHAT] 已将自己的游戏模式设置为生存模式
[2512月2025 00:57:53.919] [Server thread/INFO] [net.minecraft.client.server.IntegratedServer/]: Saving and pausing game...
[2512月2025 00:57:53.925] [Server thread/INFO] [net.minecraft.server.MinecraftServer/]: Saving chunks for level 'ServerLevel[新的世界]'/minecraft:overworld
[2512月2025 00:57:53.927] [Server thread/INFO] [net.minecraft.server.MinecraftServer/]: Saving chunks for level 'ServerLevel[新的世界]'/minecraft:the_end
[2512月2025 00:57:53.928] [Server thread/INFO] [net.minecraft.server.MinecraftServer/]: Saving chunks for level 'ServerLevel[新的世界]'/minecraft:the_nether
[2512月2025 00:59:20.905] [Server thread/INFO] [net.minecraft.server.MinecraftServer/]: [Dev: 已将自己的游戏模式设置为创造模式]
[2512月2025 00:59:20.907] [Render thread/INFO] [net.minecraft.client.gui.components.ChatComponent/]: [System] [CHAT] 已将自己的游戏模式设置为创造模式
[2512月2025 01:02:54.659] [Server thread/INFO] [net.minecraft.server.MinecraftServer/]: [Dev: Skipping ahead 8:35 (8590 ticks)]
[2512月2025 01:02:54.661] [Render thread/INFO] [net.minecraft.client.gui.components.ChatComponent/]: [System] [CHAT] Skipping ahead 8:35 (8590 ticks)
[2512月2025 01:05:37.586] [Server thread/INFO] [net.minecraft.server.MinecraftServer/]: [Dev: 已将自己的游戏模式设置为生存模式]
[2512月2025 01:05:37.587] [Render thread/INFO] [net.minecraft.client.gui.components.ChatComponent/]: [System] [CHAT] 已将自己的游戏模式设置为生存模式
[2512月2025 01:06:37.619] [Server thread/INFO] [net.minecraft.client.server.IntegratedServer/]: Saving and pausing game...
[2512月2025 01:06:37.629] [Server thread/INFO] [net.minecraft.server.MinecraftServer/]: Saving chunks for level 'ServerLevel[新的世界]'/minecraft:overworld
[2512月2025 01:06:37.632] [Server thread/INFO] [net.minecraft.server.MinecraftServer/]: Saving chunks for level 'ServerLevel[新的世界]'/minecraft:the_end
[2512月2025 01:06:37.632] [Server thread/INFO] [net.minecraft.server.MinecraftServer/]: Saving chunks for level 'ServerLevel[新的世界]'/minecraft:the_nether
[2512月2025 01:10:04.645] [Server thread/INFO] [net.minecraft.server.MinecraftServer/]: [Dev: 已将自己的游戏模式设置为创造模式]
[2512月2025 01:10:04.650] [Render thread/INFO] [net.minecraft.client.gui.components.ChatComponent/]: [System] [CHAT] 已将自己的游戏模式设置为创造模式
[2512月2025 01:10:25.519] [Server thread/INFO] [net.minecraft.client.server.IntegratedServer/]: Saving and pausing game...
[2512月2025 01:10:25.528] [Server thread/INFO] [net.minecraft.server.MinecraftServer/]: Saving chunks for level 'ServerLevel[新的世界]'/minecraft:overworld
[2512月2025 01:10:25.530] [Server thread/INFO] [net.minecraft.server.MinecraftServer/]: Saving chunks for level 'ServerLevel[新的世界]'/minecraft:the_end
[2512月2025 01:10:25.530] [Server thread/INFO] [net.minecraft.server.MinecraftServer/]: Saving chunks for level 'ServerLevel[新的世界]'/minecraft:the_nether
[2512月2025 01:10:26.863] [Render thread/INFO] [mezz.jei.library.startup.JeiStarter/]: Stopping JEI
[2512月2025 01:10:26.864] [Render thread/INFO] [mezz.jei.library.load.PluginCaller/]: Sending Runtime Unavailable...
[2512月2025 01:10:26.864] [Render thread/INFO] [mezz.jei.neoforge.plugins.neoforge.NeoForgeGuiPlugin/]: Stopping JEI GUI
[2512月2025 01:10:26.867] [Render thread/INFO] [mezz.jei.library.load.PluginCaller/]: Sending Runtime Unavailable took 3.402 milliseconds
[2512月2025 01:10:26.924] [Server thread/INFO] [net.minecraft.server.network.ServerGamePacketListenerImpl/]: Dev lost connection: 连接中断
[2512月2025 01:10:26.924] [Server thread/INFO] [net.minecraft.server.MinecraftServer/]: Dev退出了游戏
[2512月2025 01:10:26.924] [Server thread/INFO] [net.dries007.tfc.util.calendar.CalendarEventHandler/]: Player Logged Out - Checking for Calendar Updates.
[2512月2025 01:10:26.933] [Server thread/INFO] [net.minecraft.server.network.ServerCommonPacketListenerImpl/]: Stopping singleplayer server as player logged out
[2512月2025 01:10:26.971] [Server thread/INFO] [net.minecraft.server.MinecraftServer/]: Stopping server
[2512月2025 01:10:26.971] [Server thread/INFO] [net.minecraft.server.MinecraftServer/]: Saving players
[2512月2025 01:10:26.971] [Server thread/INFO] [net.minecraft.server.MinecraftServer/]: Saving worlds
[2512月2025 01:10:27.114] [Server thread/INFO] [net.minecraft.server.MinecraftServer/]: Saving chunks for level 'ServerLevel[新的世界]'/minecraft:overworld
[2512月2025 01:10:27.341] [Server thread/INFO] [net.minecraft.server.MinecraftServer/]: Saving chunks for level 'ServerLevel[新的世界]'/minecraft:the_end
[2512月2025 01:10:27.344] [Server thread/INFO] [net.minecraft.server.MinecraftServer/]: Saving chunks for level 'ServerLevel[新的世界]'/minecraft:the_nether
[2512月2025 01:10:27.351] [Server thread/INFO] [net.minecraft.server.MinecraftServer/]: ThreadedAnvilChunkStorage (新的世界 (1)): All chunks are saved
[2512月2025 01:10:27.351] [Server thread/INFO] [net.minecraft.server.MinecraftServer/]: ThreadedAnvilChunkStorage (DIM1): All chunks are saved
[2512月2025 01:10:27.351] [Server thread/INFO] [net.minecraft.server.MinecraftServer/]: ThreadedAnvilChunkStorage (DIM-1): All chunks are saved
[2512月2025 01:10:27.351] [Server thread/INFO] [net.minecraft.server.MinecraftServer/]: ThreadedAnvilChunkStorage: All dimensions are saved
[2512月2025 01:10:28.395] [Render thread/INFO] [net.minecraft.client.Minecraft/]: Stopping!
